<?xml version="1.0" encoding="UTF-8"?>
<!-- Generated by org.testng.reporters.JUnitReportReporter -->
<testsuite hostname="LAPTOP-P8PFU8QJ" failures="0" tests="2" name="com.seleniumProject.testcases.DashBoardTest" time="4.227" errors="0" timestamp="2024-10-21T22:01:05 EDT" skipped="0">
  <testcase classname="com.seleniumProject.testcases.DashBoardTest" name="fetchDashboardText" time="1.706"/>
  <testcase classname="com.seleniumProject.testcases.DashBoardTest" name="VerifyLogin" time="2.521"/>
</testsuite> <!-- com.seleniumProject.testcases.DashBoardTest -->
