<?xml version="1.0" encoding="UTF-8"?>
<!-- Generated by org.testng.reporters.JUnitReportReporter -->
<testsuite hostname="LAPTOP-P8PFU8QJ" failures="0" tests="1" name="com.seleniumProject.testcases.PaymentTestCase" time="7.277" errors="0" timestamp="2024-10-21T22:01:28 EDT" skipped="0">
  <testcase classname="com.seleniumProject.testcases.PaymentTestCase" name="testcourses" time="7.277"/>
</testsuite> <!-- com.seleniumProject.testcases.PaymentTestCase -->
